e:\github\lbm-gpu\lbm\debug\vc142.pdb
e:\github\lbm-gpu\lbm\debug\vc142.idb
e:\github\lbm-gpu\lbm\debug\visualization.obj
e:\github\lbm-gpu\lbm\debug\utils.obj
e:\github\lbm-gpu\lbm\debug\streaming.obj
e:\github\lbm-gpu\lbm\debug\main.obj
e:\github\lbm-gpu\lbm\debug\lbm_model.obj
e:\github\lbm-gpu\lbm\debug\collision.obj
e:\github\lbm-gpu\lbm\debug\cell_computation.obj
e:\github\lbm-gpu\lbm\debug\boundary.obj
e:\github\lbm-gpu\lbm\debug\initialization.obj
e:\github\lbm-gpu\lbm\debug\lbm.pdb
e:\github\lbm-gpu\lbm\debug\lbm.tlog\cl.command.1.tlog
e:\github\lbm-gpu\lbm\debug\lbm.tlog\cl.read.1.tlog
e:\github\lbm-gpu\lbm\debug\lbm.tlog\cl.write.1.tlog
e:\github\lbm-gpu\lbm\debug\lbm.tlog\link-cvtres.read.1.tlog
e:\github\lbm-gpu\lbm\debug\lbm.tlog\link-cvtres.write.1.tlog
e:\github\lbm-gpu\lbm\debug\lbm.tlog\link-rc.read.1.tlog
e:\github\lbm-gpu\lbm\debug\lbm.tlog\link-rc.write.1.tlog
e:\github\lbm-gpu\lbm\debug\lbm.tlog\link.command.1.tlog
e:\github\lbm-gpu\lbm\debug\lbm.tlog\link.read.1.tlog
e:\github\lbm-gpu\lbm\debug\lbm.tlog\link.write.1.tlog
